<?xml version="1.0" encoding="UTF-8"?>
<!-- Generated by org.testng.reporters.JUnitReportReporter -->
<testsuite skipped="0" hostname="LT" name="GridParallel_ThreadLocal_Factory" tests="3" failures="0" timestamp="27 Jun 2021 12:29:59 GMT" time="35.683" errors="0">
  <testcase name="test2" time="16.316" classname="GridParallel_ThreadLocal_Factory"/>
  <testcase name="test1" time="9.635" classname="GridParallel_ThreadLocal_Factory"/>
  <testcase name="test3" time="9.732" classname="GridParallel_ThreadLocal_Factory"/>
</testsuite> <!-- GridParallel_ThreadLocal_Factory -->
